Hmm ... looks like a package

This is pdfTeX, Version 3.14159265-2.6-1.40.19 (TeX Live 2018) (preloaded format=pdflatex)
 restricted \write18 enabled.
entering extended mode
LaTeX2e <2018-04-01> patch level 2
Babel <3.18> and hyphenation patterns for 84 language(s) loaded.
(./Rd2.tex
(/usr/local/texlive/2018/texmf-dist/tex/latex/base/book.cls
Document Class: book 2014/09/29 v1.4h Standard LaTeX document class
(/usr/local/texlive/2018/texmf-dist/tex/latex/base/bk10.clo))
(/Library/Frameworks/R.framework/Resources/share/texmf/tex/latex/Rd.sty
(/usr/local/texlive/2018/texmf-dist/tex/latex/base/ifthen.sty)
(/usr/local/texlive/2018/texmf-dist/tex/latex/tools/longtable.sty)
(/usr/local/texlive/2018/texmf-dist/tex/latex/tools/bm.sty)
(/usr/local/texlive/2018/texmf-dist/tex/latex/base/alltt.sty)
(/usr/local/texlive/2018/texmf-dist/tex/latex/tools/verbatim.sty)
(/usr/local/texlive/2018/texmf-dist/tex/latex/url/url.sty)
(/usr/local/texlive/2018/texmf-dist/tex/latex/base/textcomp.sty
(/usr/local/texlive/2018/texmf-dist/tex/latex/base/ts1enc.def
(/usr/local/texlive/2018/texmf-dist/tex/latex/base/ts1enc.dfu)))
(/usr/local/texlive/2018/texmf-dist/tex/latex/base/fontenc.sty
(/usr/local/texlive/2018/texmf-dist/tex/latex/base/t1enc.def))
(/usr/local/texlive/2018/texmf-dist/tex/latex/psnfss/times.sty)
(/usr/local/texlive/2018/texmf-dist/tex/latex/inconsolata/zi4.sty
`inconsolata-zi4' v1.112, 2017/01/04 Text macros for Inconsolata (msharpe)
(/usr/local/texlive/2018/texmf-dist/tex/latex/xkeyval/xkeyval.sty
(/usr/local/texlive/2018/texmf-dist/tex/generic/xkeyval/xkeyval.tex
(/usr/local/texlive/2018/texmf-dist/tex/generic/xkeyval/xkvutils.tex
(/usr/local/texlive/2018/texmf-dist/tex/generic/xkeyval/keyval.tex)))))
(/usr/local/texlive/2018/texmf-dist/tex/latex/graphics/color.sty
(/usr/local/texlive/2018/texmf-dist/tex/latex/graphics-cfg/color.cfg)
(/usr/local/texlive/2018/texmf-dist/tex/latex/graphics-def/pdftex.def))
(/usr/local/texlive/2018/texmf-dist/tex/latex/hyperref/hyperref.sty
(/usr/local/texlive/2018/texmf-dist/tex/generic/oberdiek/hobsub-hyperref.sty
(/usr/local/texlive/2018/texmf-dist/tex/generic/oberdiek/hobsub-generic.sty))
(/usr/local/texlive/2018/texmf-dist/tex/generic/ifxetex/ifxetex.sty)
(/usr/local/texlive/2018/texmf-dist/tex/latex/oberdiek/auxhook.sty)
(/usr/local/texlive/2018/texmf-dist/tex/latex/oberdiek/kvoptions.sty)
(/usr/local/texlive/2018/texmf-dist/tex/latex/hyperref/pd1enc.def)
(/usr/local/texlive/2018/texmf-dist/tex/latex/latexconfig/hyperref.cfg))
(/usr/local/texlive/2018/texmf-dist/tex/latex/hyperref/hpdftex.def
(/usr/local/texlive/2018/texmf-dist/tex/latex/oberdiek/rerunfilecheck.sty))

Package hyperref Warning: Option `hyperindex' has already been used,
(hyperref)                setting the option has no effect on input line 366.


Package hyperref Warning: Option `pagebackref' has already been used,
(hyperref)                setting the option has no effect on input line 366.

) (/usr/local/texlive/2018/texmf-dist/tex/latex/base/makeidx.sty)
(/usr/local/texlive/2018/texmf-dist/tex/latex/base/inputenc.sty)
Writing index file Rd2.idx
No file Rd2.aux.
(/usr/local/texlive/2018/texmf-dist/tex/latex/base/ts1cmr.fd)
(/usr/local/texlive/2018/texmf-dist/tex/latex/psnfss/t1ptm.fd)
(/usr/local/texlive/2018/texmf-dist/tex/context/base/mkii/supp-pdf.mkii
[Loading MPS to PDF converter (version 2006.09.02).]
) (/usr/local/texlive/2018/texmf-dist/tex/latex/hyperref/nameref.sty
(/usr/local/texlive/2018/texmf-dist/tex/generic/oberdiek/gettitlestring.sty))
(/usr/local/texlive/2018/texmf-dist/tex/latex/psnfss/ts1ptm.fd)
(/usr/local/texlive/2018/texmf-dist/tex/latex/inconsolata/t1zi4.fd)
(/usr/local/texlive/2018/texmf-dist/tex/latex/psnfss/t1phv.fd) [1{/usr/local/te
xlive/2018/texmf-var/fonts/map/pdftex/updmap/pdftex.map}]
Overfull \hbox (47.5983pt too wide) in paragraph at lines 55--56
\T1/ptm/m/n/10 func-tion will re-turn mor-phemes only, and tags put in the at-t
ribute. if \T1/zi4/m/n/10 format="data.frame"\T1/ptm/m/n/10 ,
[2]
Overfull \hbox (47.5983pt too wide) in paragraph at lines 121--122
\T1/ptm/m/n/10 func-tion will re-turn mor-phemes only, and tags put in the at-t
ribute. if \T1/zi4/m/n/10 format="data.frame"\T1/ptm/m/n/10 ,
[3]
No file Rd2.ind.
[4] (./Rd2.aux)

Package rerunfilecheck Warning: File `Rd2.out' has changed.
(rerunfilecheck)                Rerun to get outlines right
(rerunfilecheck)                or use package `bookmark'.

 )
(see the transcript file for additional information){/usr/local/texlive/2018/te
xmf-dist/fonts/enc/dvips/base/8r.enc}{/usr/local/texlive/2018/texmf-dist/fonts/
enc/dvips/inconsolata/i4-t1-0.enc}</usr/local/texlive/2018/texmf-dist/fonts/typ
e1/public/inconsolata/Inconsolata-zi4r.pfb></usr/local/texlive/2018/texmf-dist/
fonts/type1/urw/helvetic/uhvr8a.pfb></usr/local/texlive/2018/texmf-dist/fonts/t
ype1/urw/times/utmb8a.pfb></usr/local/texlive/2018/texmf-dist/fonts/type1/urw/t
imes/utmr8a.pfb></usr/local/texlive/2018/texmf-dist/fonts/type1/urw/times/utmr8
a.pfb></usr/local/texlive/2018/texmf-dist/fonts/type1/urw/times/utmri8a.pfb>
Output written on Rd2.pdf (4 pages, 82739 bytes).
Transcript written on Rd2.log.
This is makeindex, version 2.15 [TeX Live 2018] (kpathsea + Thai support).
Scanning input file Rd2.idx....done (11 entries accepted, 0 rejected).
Sorting entries....done (39 comparisons).
Generating output file Rd2.ind....done (29 lines written, 0 warnings).
Output written in Rd2.ind.
Transcript written in Rd2.ilg.
This is pdfTeX, Version 3.14159265-2.6-1.40.19 (TeX Live 2018) (preloaded format=pdflatex)
 restricted \write18 enabled.
entering extended mode
LaTeX2e <2018-04-01> patch level 2
Babel <3.18> and hyphenation patterns for 84 language(s) loaded.
(./Rd2.tex
(/usr/local/texlive/2018/texmf-dist/tex/latex/base/book.cls
Document Class: book 2014/09/29 v1.4h Standard LaTeX document class
(/usr/local/texlive/2018/texmf-dist/tex/latex/base/bk10.clo))
(/Library/Frameworks/R.framework/Resources/share/texmf/tex/latex/Rd.sty
(/usr/local/texlive/2018/texmf-dist/tex/latex/base/ifthen.sty)
(/usr/local/texlive/2018/texmf-dist/tex/latex/tools/longtable.sty)
(/usr/local/texlive/2018/texmf-dist/tex/latex/tools/bm.sty)
(/usr/local/texlive/2018/texmf-dist/tex/latex/base/alltt.sty)
(/usr/local/texlive/2018/texmf-dist/tex/latex/tools/verbatim.sty)
(/usr/local/texlive/2018/texmf-dist/tex/latex/url/url.sty)
(/usr/local/texlive/2018/texmf-dist/tex/latex/base/textcomp.sty
(/usr/local/texlive/2018/texmf-dist/tex/latex/base/ts1enc.def
(/usr/local/texlive/2018/texmf-dist/tex/latex/base/ts1enc.dfu)))
(/usr/local/texlive/2018/texmf-dist/tex/latex/base/fontenc.sty
(/usr/local/texlive/2018/texmf-dist/tex/latex/base/t1enc.def))
(/usr/local/texlive/2018/texmf-dist/tex/latex/psnfss/times.sty)
(/usr/local/texlive/2018/texmf-dist/tex/latex/inconsolata/zi4.sty
`inconsolata-zi4' v1.112, 2017/01/04 Text macros for Inconsolata (msharpe)
(/usr/local/texlive/2018/texmf-dist/tex/latex/xkeyval/xkeyval.sty
(/usr/local/texlive/2018/texmf-dist/tex/generic/xkeyval/xkeyval.tex
(/usr/local/texlive/2018/texmf-dist/tex/generic/xkeyval/xkvutils.tex
(/usr/local/texlive/2018/texmf-dist/tex/generic/xkeyval/keyval.tex)))))
(/usr/local/texlive/2018/texmf-dist/tex/latex/graphics/color.sty
(/usr/local/texlive/2018/texmf-dist/tex/latex/graphics-cfg/color.cfg)
(/usr/local/texlive/2018/texmf-dist/tex/latex/graphics-def/pdftex.def))
(/usr/local/texlive/2018/texmf-dist/tex/latex/hyperref/hyperref.sty
(/usr/local/texlive/2018/texmf-dist/tex/generic/oberdiek/hobsub-hyperref.sty
(/usr/local/texlive/2018/texmf-dist/tex/generic/oberdiek/hobsub-generic.sty))
(/usr/local/texlive/2018/texmf-dist/tex/generic/ifxetex/ifxetex.sty)
(/usr/local/texlive/2018/texmf-dist/tex/latex/oberdiek/auxhook.sty)
(/usr/local/texlive/2018/texmf-dist/tex/latex/oberdiek/kvoptions.sty)
(/usr/local/texlive/2018/texmf-dist/tex/latex/hyperref/pd1enc.def)
(/usr/local/texlive/2018/texmf-dist/tex/latex/latexconfig/hyperref.cfg))
(/usr/local/texlive/2018/texmf-dist/tex/latex/hyperref/hpdftex.def
(/usr/local/texlive/2018/texmf-dist/tex/latex/oberdiek/rerunfilecheck.sty))

Package hyperref Warning: Option `hyperindex' has already been used,
(hyperref)                setting the option has no effect on input line 366.


Package hyperref Warning: Option `pagebackref' has already been used,
(hyperref)                setting the option has no effect on input line 366.

) (/usr/local/texlive/2018/texmf-dist/tex/latex/base/makeidx.sty)
(/usr/local/texlive/2018/texmf-dist/tex/latex/base/inputenc.sty)
Writing index file Rd2.idx
(./Rd2.aux) (/usr/local/texlive/2018/texmf-dist/tex/latex/base/ts1cmr.fd)
(/usr/local/texlive/2018/texmf-dist/tex/latex/psnfss/t1ptm.fd)
(/usr/local/texlive/2018/texmf-dist/tex/context/base/mkii/supp-pdf.mkii
[Loading MPS to PDF converter (version 2006.09.02).]
) (/usr/local/texlive/2018/texmf-dist/tex/latex/hyperref/nameref.sty
(/usr/local/texlive/2018/texmf-dist/tex/generic/oberdiek/gettitlestring.sty))
(./Rd2.out) (./Rd2.out)
(/usr/local/texlive/2018/texmf-dist/tex/latex/psnfss/ts1ptm.fd)
(/usr/local/texlive/2018/texmf-dist/tex/latex/inconsolata/t1zi4.fd)
(/usr/local/texlive/2018/texmf-dist/tex/latex/psnfss/t1phv.fd) (./Rd2.toc)
[1{/usr/local/texlive/2018/texmf-var/fonts/map/pdftex/updmap/pdftex.map}]
Overfull \hbox (47.5983pt too wide) in paragraph at lines 55--56
\T1/ptm/m/n/10 func-tion will re-turn mor-phemes only, and tags put in the at-t
ribute. if \T1/zi4/m/n/10 format="data.frame"\T1/ptm/m/n/10 ,
[2]
Overfull \hbox (47.5983pt too wide) in paragraph at lines 121--122
\T1/ptm/m/n/10 func-tion will re-turn mor-phemes only, and tags put in the at-t
ribute. if \T1/zi4/m/n/10 format="data.frame"\T1/ptm/m/n/10 ,
[3] (./Rd2.ind [4]

LaTeX Font Warning: Font shape `T1/zi4/m/it' undefined
(Font)              using `T1/zi4/m/n' instead on input line 26.

[5]) (./Rd2.aux)

Package rerunfilecheck Warning: File `Rd2.out' has changed.
(rerunfilecheck)                Rerun to get outlines right
(rerunfilecheck)                or use package `bookmark'.


LaTeX Font Warning: Some font shapes were not available, defaults substituted.

 )
(see the transcript file for additional information){/usr/local/texlive/2018/te
xmf-dist/fonts/enc/dvips/base/8r.enc}{/usr/local/texlive/2018/texmf-dist/fonts/
enc/dvips/inconsolata/i4-t1-0.enc}</usr/local/texlive/2018/texmf-dist/fonts/typ
e1/public/inconsolata/Inconsolata-zi4r.pfb></usr/local/texlive/2018/texmf-dist/
fonts/type1/public/amsfonts/cm/cmsy10.pfb></usr/local/texlive/2018/texmf-dist/f
onts/type1/urw/helvetic/uhvr8a.pfb></usr/local/texlive/2018/texmf-dist/fonts/ty
pe1/urw/times/utmb8a.pfb></usr/local/texlive/2018/texmf-dist/fonts/type1/urw/ti
mes/utmr8a.pfb></usr/local/texlive/2018/texmf-dist/fonts/type1/urw/times/utmr8a
.pfb></usr/local/texlive/2018/texmf-dist/fonts/type1/urw/times/utmri8a.pfb>
Output written on Rd2.pdf (5 pages, 92128 bytes).
Transcript written on Rd2.log.
This is makeindex, version 2.15 [TeX Live 2018] (kpathsea + Thai support).
Scanning input file Rd2.idx....done (11 entries accepted, 0 rejected).
Sorting entries....done (39 comparisons).
Generating output file Rd2.ind....done (29 lines written, 0 warnings).
Output written in Rd2.ind.
Transcript written in Rd2.ilg.
This is pdfTeX, Version 3.14159265-2.6-1.40.19 (TeX Live 2018) (preloaded format=pdflatex)
 restricted \write18 enabled.
entering extended mode
LaTeX2e <2018-04-01> patch level 2
Babel <3.18> and hyphenation patterns for 84 language(s) loaded.
(./Rd2.tex
(/usr/local/texlive/2018/texmf-dist/tex/latex/base/book.cls
Document Class: book 2014/09/29 v1.4h Standard LaTeX document class
(/usr/local/texlive/2018/texmf-dist/tex/latex/base/bk10.clo))
(/Library/Frameworks/R.framework/Resources/share/texmf/tex/latex/Rd.sty
(/usr/local/texlive/2018/texmf-dist/tex/latex/base/ifthen.sty)
(/usr/local/texlive/2018/texmf-dist/tex/latex/tools/longtable.sty)
(/usr/local/texlive/2018/texmf-dist/tex/latex/tools/bm.sty)
(/usr/local/texlive/2018/texmf-dist/tex/latex/base/alltt.sty)
(/usr/local/texlive/2018/texmf-dist/tex/latex/tools/verbatim.sty)
(/usr/local/texlive/2018/texmf-dist/tex/latex/url/url.sty)
(/usr/local/texlive/2018/texmf-dist/tex/latex/base/textcomp.sty
(/usr/local/texlive/2018/texmf-dist/tex/latex/base/ts1enc.def
(/usr/local/texlive/2018/texmf-dist/tex/latex/base/ts1enc.dfu)))
(/usr/local/texlive/2018/texmf-dist/tex/latex/base/fontenc.sty
(/usr/local/texlive/2018/texmf-dist/tex/latex/base/t1enc.def))
(/usr/local/texlive/2018/texmf-dist/tex/latex/psnfss/times.sty)
(/usr/local/texlive/2018/texmf-dist/tex/latex/inconsolata/zi4.sty
`inconsolata-zi4' v1.112, 2017/01/04 Text macros for Inconsolata (msharpe)
(/usr/local/texlive/2018/texmf-dist/tex/latex/xkeyval/xkeyval.sty
(/usr/local/texlive/2018/texmf-dist/tex/generic/xkeyval/xkeyval.tex
(/usr/local/texlive/2018/texmf-dist/tex/generic/xkeyval/xkvutils.tex
(/usr/local/texlive/2018/texmf-dist/tex/generic/xkeyval/keyval.tex)))))
(/usr/local/texlive/2018/texmf-dist/tex/latex/graphics/color.sty
(/usr/local/texlive/2018/texmf-dist/tex/latex/graphics-cfg/color.cfg)
(/usr/local/texlive/2018/texmf-dist/tex/latex/graphics-def/pdftex.def))
(/usr/local/texlive/2018/texmf-dist/tex/latex/hyperref/hyperref.sty
(/usr/local/texlive/2018/texmf-dist/tex/generic/oberdiek/hobsub-hyperref.sty
(/usr/local/texlive/2018/texmf-dist/tex/generic/oberdiek/hobsub-generic.sty))
(/usr/local/texlive/2018/texmf-dist/tex/generic/ifxetex/ifxetex.sty)
(/usr/local/texlive/2018/texmf-dist/tex/latex/oberdiek/auxhook.sty)
(/usr/local/texlive/2018/texmf-dist/tex/latex/oberdiek/kvoptions.sty)
(/usr/local/texlive/2018/texmf-dist/tex/latex/hyperref/pd1enc.def)
(/usr/local/texlive/2018/texmf-dist/tex/latex/latexconfig/hyperref.cfg))
(/usr/local/texlive/2018/texmf-dist/tex/latex/hyperref/hpdftex.def
(/usr/local/texlive/2018/texmf-dist/tex/latex/oberdiek/rerunfilecheck.sty))

Package hyperref Warning: Option `hyperindex' has already been used,
(hyperref)                setting the option has no effect on input line 366.


Package hyperref Warning: Option `pagebackref' has already been used,
(hyperref)                setting the option has no effect on input line 366.

) (/usr/local/texlive/2018/texmf-dist/tex/latex/base/makeidx.sty)
(/usr/local/texlive/2018/texmf-dist/tex/latex/base/inputenc.sty)
Writing index file Rd2.idx
(./Rd2.aux) (/usr/local/texlive/2018/texmf-dist/tex/latex/base/ts1cmr.fd)
(/usr/local/texlive/2018/texmf-dist/tex/latex/psnfss/t1ptm.fd)
(/usr/local/texlive/2018/texmf-dist/tex/context/base/mkii/supp-pdf.mkii
[Loading MPS to PDF converter (version 2006.09.02).]
) (/usr/local/texlive/2018/texmf-dist/tex/latex/hyperref/nameref.sty
(/usr/local/texlive/2018/texmf-dist/tex/generic/oberdiek/gettitlestring.sty))
(./Rd2.out) (./Rd2.out)
(/usr/local/texlive/2018/texmf-dist/tex/latex/psnfss/ts1ptm.fd)
(/usr/local/texlive/2018/texmf-dist/tex/latex/inconsolata/t1zi4.fd)
(/usr/local/texlive/2018/texmf-dist/tex/latex/psnfss/t1phv.fd) (./Rd2.toc)
[1{/usr/local/texlive/2018/texmf-var/fonts/map/pdftex/updmap/pdftex.map}]
Overfull \hbox (47.5983pt too wide) in paragraph at lines 55--56
\T1/ptm/m/n/10 func-tion will re-turn mor-phemes only, and tags put in the at-t
ribute. if \T1/zi4/m/n/10 format="data.frame"\T1/ptm/m/n/10 ,
[2]
Overfull \hbox (47.5983pt too wide) in paragraph at lines 121--122
\T1/ptm/m/n/10 func-tion will re-turn mor-phemes only, and tags put in the at-t
ribute. if \T1/zi4/m/n/10 format="data.frame"\T1/ptm/m/n/10 ,
[3] (./Rd2.ind [4]

LaTeX Font Warning: Font shape `T1/zi4/m/it' undefined
(Font)              using `T1/zi4/m/n' instead on input line 26.

[5]) (./Rd2.aux)

LaTeX Font Warning: Some font shapes were not available, defaults substituted.

 )
(see the transcript file for additional information){/usr/local/texlive/2018/te
xmf-dist/fonts/enc/dvips/base/8r.enc}{/usr/local/texlive/2018/texmf-dist/fonts/
enc/dvips/inconsolata/i4-t1-0.enc}</usr/local/texlive/2018/texmf-dist/fonts/typ
e1/public/inconsolata/Inconsolata-zi4r.pfb></usr/local/texlive/2018/texmf-dist/
fonts/type1/public/amsfonts/cm/cmsy10.pfb></usr/local/texlive/2018/texmf-dist/f
onts/type1/urw/helvetic/uhvr8a.pfb></usr/local/texlive/2018/texmf-dist/fonts/ty
pe1/urw/times/utmb8a.pfb></usr/local/texlive/2018/texmf-dist/fonts/type1/urw/ti
mes/utmr8a.pfb></usr/local/texlive/2018/texmf-dist/fonts/type1/urw/times/utmr8a
.pfb></usr/local/texlive/2018/texmf-dist/fonts/type1/urw/times/utmri8a.pfb>
Output written on Rd2.pdf (5 pages, 92365 bytes).
Transcript written on Rd2.log.
Saving output to ‘RcppMeCab-manual.pdf’ ...
Done
You may want to clean up by 'rm -Rf /var/folders/7x/7kj2wt8x78g85hk22q7fcy700000gn/T//RtmpVeytXq/Rd2pdf1bae674f4e05'
